C:/Users/Admin/Desktop/GIT/MonitorJakosciPowietrza/apiclient.cpp:12: warning: argument 'parent' from the argument list of ApiClient::ApiClient has multiple @param documentation sections
C:/Users/Admin/Desktop/GIT/MonitorJakosciPowietrza/apiclient.cpp:50: warning: argument 'url' from the argument list of ApiClient::fetchData has multiple @param documentation sections
C:/Users/Admin/Desktop/GIT/MonitorJakosciPowietrza/apiclient.cpp:65: warning: Unsupported xml/html tag <sensorId> found
C:/Users/Admin/Desktop/GIT/MonitorJakosciPowietrza/apiclient.cpp:73: warning: Unsupported xml/html tag <sensorId> found
C:/Users/Admin/Desktop/GIT/MonitorJakosciPowietrza/apiclient.cpp:65: warning: argument 'sensorId' from the argument list of ApiClient::fetchSensorData has multiple @param documentation sections
C:/Users/Admin/Desktop/GIT/MonitorJakosciPowietrza/apiworker.cpp:11: warning: argument 'parent' from the argument list of ApiWorker::ApiWorker has multiple @param documentation sections
C:/Users/Admin/Desktop/GIT/MonitorJakosciPowietrza/connectionmanager.cpp:14: warning: argument 'parent' from the argument list of ConnectionManager::ConnectionManager has multiple @param documentation sections
C:/Users/Admin/Desktop/GIT/MonitorJakosciPowietrza/connectionmanager.cpp:24: warning: argument 'apiClient' from the argument list of ConnectionManager::checkConnectionAndReloadStations has multiple @param documentation sections
C:/Users/Admin/Desktop/GIT/MonitorJakosciPowietrza/connectionmanager.cpp:24: warning: argument 'stationList' from the argument list of ConnectionManager::checkConnectionAndReloadStations has multiple @param documentation sections
C:/Users/Admin/Desktop/GIT/MonitorJakosciPowietrza/connectionmanager.cpp:24: warning: argument 'lblStatus' from the argument list of ConnectionManager::checkConnectionAndReloadStations has multiple @param documentation sections
C:/Users/Admin/Desktop/GIT/MonitorJakosciPowietrza/connectionmanager.cpp:24: warning: argument 'lblStationCount' from the argument list of ConnectionManager::checkConnectionAndReloadStations has multiple @param documentation sections
C:/Users/Admin/Desktop/GIT/MonitorJakosciPowietrza/connectionmanager.cpp:24: warning: argument 'isOffline' from the argument list of ConnectionManager::checkConnectionAndReloadStations has multiple @param documentation sections
C:/Users/Admin/Desktop/GIT/MonitorJakosciPowietrza/connectionmanager.cpp:24: warning: argument 'allStations' from the argument list of ConnectionManager::checkConnectionAndReloadStations has multiple @param documentation sections
C:/Users/Admin/Desktop/GIT/MonitorJakosciPowietrza/datamanager.cpp:11: warning: argument 'baseFileName' from the argument list of DataManager::getDataFilePath has multiple @param documentation sections
C:/Users/Admin/Desktop/GIT/MonitorJakosciPowietrza/datamanager.cpp:11: warning: argument 'id' from the argument list of DataManager::getDataFilePath has multiple @param documentation sections
C:/Users/Admin/Desktop/GIT/MonitorJakosciPowietrza/datamanager.cpp:112: warning: argument 'type' from the argument list of DataManager::loadAllHistoricalData has multiple @param documentation sections
C:/Users/Admin/Desktop/GIT/MonitorJakosciPowietrza/datamanager.cpp:112: warning: argument 'id' from the argument list of DataManager::loadAllHistoricalData has multiple @param documentation sections
C:/Users/Admin/Desktop/GIT/MonitorJakosciPowietrza/datamanager.cpp:54: warning: argument 'baseFileName' from the argument list of DataManager::loadDataFromFile has multiple @param documentation sections
C:/Users/Admin/Desktop/GIT/MonitorJakosciPowietrza/datamanager.cpp:54: warning: argument 'id' from the argument list of DataManager::loadDataFromFile has multiple @param documentation sections
C:/Users/Admin/Desktop/GIT/MonitorJakosciPowietrza/datamanager.cpp:34: warning: argument 'baseFileName' from the argument list of DataManager::saveDataToFile has multiple @param documentation sections
C:/Users/Admin/Desktop/GIT/MonitorJakosciPowietrza/datamanager.cpp:34: warning: argument 'data' from the argument list of DataManager::saveDataToFile has multiple @param documentation sections
C:/Users/Admin/Desktop/GIT/MonitorJakosciPowietrza/datamanager.cpp:34: warning: argument 'id' from the argument list of DataManager::saveDataToFile has multiple @param documentation sections
C:/Users/Admin/Desktop/GIT/MonitorJakosciPowietrza/datamanager.cpp:75: warning: argument 'type' from the argument list of DataManager::saveHistoricalData has multiple @param documentation sections
C:/Users/Admin/Desktop/GIT/MonitorJakosciPowietrza/datamanager.cpp:75: warning: argument 'data' from the argument list of DataManager::saveHistoricalData has multiple @param documentation sections
C:/Users/Admin/Desktop/GIT/MonitorJakosciPowietrza/datamanager.cpp:75: warning: argument 'id' from the argument list of DataManager::saveHistoricalData has multiple @param documentation sections
C:/Users/Admin/Desktop/GIT/MonitorJakosciPowietrza/mainwindow.cpp:18: warning: argument 'parent' from the argument list of MainWindow::MainWindow has multiple @param documentation sections
C:/Users/Admin/Desktop/GIT/MonitorJakosciPowietrza/mainwindow.cpp:437: warning: argument 'obj' from the argument list of MainWindow::eventFilter has multiple @param documentation sections
C:/Users/Admin/Desktop/GIT/MonitorJakosciPowietrza/mainwindow.cpp:437: warning: argument 'event' from the argument list of MainWindow::eventFilter has multiple @param documentation sections
C:/Users/Admin/Desktop/GIT/MonitorJakosciPowietrza/mainwindow.cpp:402: warning: argument 'event' from the argument list of MainWindow::keyPressEvent has multiple @param documentation sections
C:/Users/Admin/Desktop/GIT/MonitorJakosciPowietrza/mainwindow.cpp:390: warning: argument 'event' from the argument list of MainWindow::showEvent has multiple @param documentation sections
C:/Users/Admin/Desktop/GIT/MonitorJakosciPowietrza/measurementhandler.cpp:57: warning: argument 'data' from the argument list of MeasurementHandler::analyzeTrend has multiple @param documentation sections
C:/Users/Admin/Desktop/GIT/MonitorJakosciPowietrza/measurementhandler.cpp:11: warning: argument 'obj' from the argument list of MeasurementHandler::handleMeasurementsData has multiple @param documentation sections
C:/Users/Admin/Desktop/GIT/MonitorJakosciPowietrza/measurementhandler.cpp:11: warning: argument 'customData' from the argument list of MeasurementHandler::handleMeasurementsData has multiple @param documentation sections
C:/Users/Admin/Desktop/GIT/MonitorJakosciPowietrza/measurementhandler.cpp:11: warning: argument 'lblStats' from the argument list of MeasurementHandler::handleMeasurementsData has multiple @param documentation sections
C:/Users/Admin/Desktop/GIT/MonitorJakosciPowietrza/measurementhandler.cpp:92: warning: argument 'data' from the argument list of MeasurementHandler::updateChart has multiple @param documentation sections
C:/Users/Admin/Desktop/GIT/MonitorJakosciPowietrza/measurementhandler.cpp:92: warning: argument 'chartView' from the argument list of MeasurementHandler::updateChart has multiple @param documentation sections
C:/Users/Admin/Desktop/GIT/MonitorJakosciPowietrza/measurementhandler.cpp:92: warning: argument 'stationCity' from the argument list of MeasurementHandler::updateChart has multiple @param documentation sections
C:/Users/Admin/Desktop/GIT/MonitorJakosciPowietrza/measurementhandler.cpp:92: warning: argument 'stationAddress' from the argument list of MeasurementHandler::updateChart has multiple @param documentation sections
C:/Users/Admin/Desktop/GIT/MonitorJakosciPowietrza/measurementhandler.cpp:92: warning: argument 'paramName' from the argument list of MeasurementHandler::updateChart has multiple @param documentation sections
C:/Users/Admin/Desktop/GIT/MonitorJakosciPowietrza/sensorhandler.cpp:11: warning: argument 'array' from the argument list of SensorHandler::handleSensorsData has multiple @param documentation sections
C:/Users/Admin/Desktop/GIT/MonitorJakosciPowietrza/sensorhandler.cpp:11: warning: argument 'sensorList' from the argument list of SensorHandler::handleSensorsData has multiple @param documentation sections
C:/Users/Admin/Desktop/GIT/MonitorJakosciPowietrza/sensorhandler.cpp:11: warning: argument 'currentSensors' from the argument list of SensorHandler::handleSensorsData has multiple @param documentation sections
C:/Users/Admin/Desktop/GIT/MonitorJakosciPowietrza/stationhandler.cpp:11: warning: argument 'array' from the argument list of StationHandler::handleStationsData has multiple @param documentation sections
C:/Users/Admin/Desktop/GIT/MonitorJakosciPowietrza/stationhandler.cpp:11: warning: argument 'stationList' from the argument list of StationHandler::handleStationsData has multiple @param documentation sections
C:/Users/Admin/Desktop/GIT/MonitorJakosciPowietrza/stationhandler.cpp:11: warning: argument 'lblStationCount' from the argument list of StationHandler::handleStationsData has multiple @param documentation sections
C:/Users/Admin/Desktop/GIT/MonitorJakosciPowietrza/stationhandler.cpp:11: warning: argument 'allStations' from the argument list of StationHandler::handleStationsData has multiple @param documentation sections
C:/Users/Admin/Desktop/GIT/MonitorJakosciPowietrza/stationhandler.cpp:55: warning: argument 'filter' from the argument list of StationHandler::updateStationList has multiple @param documentation sections
C:/Users/Admin/Desktop/GIT/MonitorJakosciPowietrza/stationhandler.cpp:55: warning: argument 'stationList' from the argument list of StationHandler::updateStationList has multiple @param documentation sections
C:/Users/Admin/Desktop/GIT/MonitorJakosciPowietrza/stationhandler.cpp:55: warning: argument 'lblStationCount' from the argument list of StationHandler::updateStationList has multiple @param documentation sections
C:/Users/Admin/Desktop/GIT/MonitorJakosciPowietrza/stationhandler.cpp:55: warning: argument 'allStations' from the argument list of StationHandler::updateStationList has multiple @param documentation sections
